<?xml version="1.0" encoding="UTF-8"?>
<!-- Generated by org.testng.reporters.JUnitReportReporter -->
<testsuite hostname="bridgelabz" failures="0" tests="1" name="com.bridgelabz.selenium.ExistingBrowser" time="174.138" errors="0" timestamp="22 Jan 2020 10:28:42 GMT">
  <testcase classname="com.bridgelabz.selenium.ExistingBrowser" name="Test" time="174.138"/>
</testsuite> <!-- com.bridgelabz.selenium.ExistingBrowser -->
