<?xml version="1.0" encoding="UTF-8"?>
<!-- Generated by org.testng.reporters.JUnitReportReporter -->
<testsuite hostname="bridgelabz" failures="0" tests="1" name="ParameterizedTest1" time="9.469" errors="0" timestamp="21 Jan 2020 11:25:07 GMT">
  <testcase classname="ParameterizedTest1" name="parameterTest" time="9.469"/>
</testsuite> <!-- ParameterizedTest1 -->
