<?xml version="1.0" encoding="UTF-8"?>
<!-- Generated by org.testng.reporters.JUnitReportReporter -->
<testsuite hostname="bridgelabz" failures="0" tests="1" name="com.bridgelabz.selenium.ReadWriteJson" time="29.317" errors="0" timestamp="22 Jan 2020 06:17:17 GMT">
  <testcase classname="com.bridgelabz.selenium.ReadWriteJson" name="testAuthentication" time="29.317"/>
</testsuite> <!-- com.bridgelabz.selenium.ReadWriteJson -->
